04/08/2019 12:25:48 AM Adding Pin (0)
04/08/2019 12:25:48 AM Adding Pin (1)
04/08/2019 12:25:48 AM Pin configuration loaded.
04/08/2019 12:42:45 AM Adding Pin (0)
04/08/2019 12:42:45 AM Adding Pin (1)
04/08/2019 12:42:45 AM Adding Pin (32)
04/08/2019 12:42:58 AM Adding Pin (0)
04/08/2019 12:42:58 AM Adding Pin (1)
04/08/2019 12:42:58 AM Adding Pin (32)
04/08/2019 12:43:18 AM Adding Pin (0)
04/08/2019 12:43:18 AM Adding Pin (1)
04/08/2019 12:43:18 AM Adding Pin (32)
04/08/2019 12:44:47 AM Adding Pin (0)
04/08/2019 12:44:47 AM Adding Pin (1)
04/08/2019 12:44:47 AM Adding Pin (32)
04/08/2019 12:44:55 AM Adding Pin (0)
04/08/2019 12:44:55 AM Adding Pin (1)
04/08/2019 12:44:55 AM Adding Pin (32)
04/08/2019 12:45:04 AM Adding Pin (0)
04/08/2019 12:45:04 AM Adding Pin (1)
04/08/2019 12:45:04 AM Adding Pin (32)
04/08/2019 12:48:36 AM Adding Pin (0)
04/08/2019 12:48:36 AM Adding Pin (1)
04/08/2019 12:48:36 AM Adding Pin (32)
04/08/2019 12:48:36 AM Pin configuration loaded.
04/08/2019 12:58:08 AM Adding Pin (0)
04/08/2019 12:58:08 AM Adding Pin (1)
04/08/2019 12:58:08 AM Adding Pin (32)
04/08/2019 12:58:08 AM Pin configuration loaded.
04/08/2019 02:51:53 PM Adding Pin (0)
04/08/2019 02:51:53 PM Adding Pin (1)
04/08/2019 02:51:54 PM Adding Pin (32)
04/08/2019 02:51:54 PM Pin configuration loaded.
04/08/2019 03:10:53 PM Adding Pin (0)
04/08/2019 03:10:53 PM Adding Pin (1)
04/08/2019 03:10:53 PM Adding Pin (32)
04/08/2019 03:10:53 PM Pin configuration loaded.
04/08/2019 03:13:45 PM Adding Pin (0)
04/08/2019 03:13:45 PM Adding Pin (1)
04/08/2019 03:13:45 PM Adding Pin (32)
04/08/2019 03:13:45 PM Pin configuration loaded.
04/08/2019 03:18:42 PM Adding Pin (0)
04/08/2019 03:18:42 PM Adding Pin (1)
04/08/2019 03:18:42 PM Adding Pin (32)
04/08/2019 03:18:42 PM Pin configuration loaded.
04/08/2019 03:20:41 PM Adding Pin (0)
04/08/2019 03:20:41 PM Adding Pin (1)
04/08/2019 03:20:41 PM Adding Pin (32)
04/08/2019 03:20:41 PM Pin configuration loaded.
04/08/2019 03:22:02 PM Adding Pin (0)
04/08/2019 03:22:02 PM Adding Pin (1)
04/08/2019 03:22:02 PM Adding Pin (32)
04/08/2019 03:22:02 PM Pin configuration loaded.
04/08/2019 03:25:44 PM Adding Pin (0)
04/08/2019 03:25:44 PM Adding Pin (1)
04/08/2019 03:25:44 PM Adding Pin (32)
04/08/2019 03:25:44 PM Pin configuration loaded.
04/08/2019 03:26:52 PM Adding Pin (0)
04/08/2019 03:26:52 PM Adding Pin (1)
04/08/2019 03:26:52 PM Adding Pin (32)
04/08/2019 03:26:52 PM Pin configuration loaded.
04/08/2019 03:28:36 PM Adding Pin (0)
04/08/2019 03:28:36 PM Adding Pin (1)
04/08/2019 03:28:36 PM Adding Pin (32)
04/08/2019 03:28:36 PM Pin configuration loaded.
04/08/2019 03:31:40 PM Adding Pin (0)
04/08/2019 03:31:40 PM Adding Pin (1)
04/08/2019 03:31:40 PM Adding Pin (32)
04/08/2019 03:31:53 PM Adding Pin (0)
04/08/2019 03:31:53 PM Adding Pin (1)
04/08/2019 03:31:53 PM Adding Pin (32)
04/08/2019 03:32:55 PM Adding Pin (0)
04/08/2019 03:32:55 PM Adding Pin (1)
04/08/2019 03:32:55 PM Adding Pin (32)
04/08/2019 03:33:06 PM Adding Pin (0)
04/08/2019 03:33:06 PM Adding Pin (1)
04/08/2019 03:33:06 PM Adding Pin (32)
04/08/2019 03:33:09 PM Adding Pin (0)
04/08/2019 03:33:09 PM Adding Pin (1)
04/08/2019 03:33:09 PM Adding Pin (32)
04/08/2019 03:33:37 PM Adding Pin (0)
04/08/2019 03:33:37 PM Adding Pin (1)
04/08/2019 03:33:37 PM Adding Pin (32)
04/08/2019 03:35:20 PM Adding Pin (0)
04/08/2019 03:35:20 PM Adding Pin (1)
04/08/2019 03:35:20 PM Adding Pin (32)
04/08/2019 03:35:20 PM Pin configuration loaded.
04/08/2019 03:36:38 PM Adding Pin (0)
04/08/2019 03:36:38 PM Adding Pin (1)
04/08/2019 03:36:38 PM Adding Pin (32)
04/08/2019 03:36:38 PM Pin configuration loaded.
04/08/2019 03:37:11 PM Adding Pin (0)
04/08/2019 03:37:11 PM Adding Pin (1)
04/08/2019 03:37:11 PM Adding Pin (32)
04/08/2019 03:37:11 PM Pin configuration loaded.
04/08/2019 03:37:49 PM Adding Pin (0)
04/08/2019 03:37:49 PM Adding Pin (1)
04/08/2019 03:37:49 PM Adding Pin (32)
04/08/2019 03:37:49 PM Pin configuration loaded.
04/08/2019 03:51:45 PM Adding Pin (0)
04/08/2019 03:51:46 PM Adding Pin (1)
04/08/2019 03:55:37 PM Adding Pin (0)
04/08/2019 03:55:37 PM Adding Pin (1)
04/08/2019 03:55:57 PM Adding Pin (0)
04/08/2019 03:55:58 PM Adding Pin (1)
04/08/2019 03:56:57 PM Adding Pin (0)
04/08/2019 03:56:57 PM Adding Pin (1)
04/08/2019 03:56:57 PM Adding Pin (32)
04/08/2019 03:56:57 PM Pin configuration loaded.
04/08/2019 04:29:48 PM Adding Pin (0)
04/08/2019 04:29:48 PM Adding Pin (1)
04/08/2019 04:29:48 PM Adding Pin (32)
04/08/2019 04:29:48 PM Pin configuration loaded.
04/08/2019 04:30:38 PM Adding Pin (0)
04/08/2019 04:30:38 PM Adding Pin (1)
04/08/2019 04:30:38 PM Adding Pin (32)
04/08/2019 04:30:38 PM Pin configuration loaded.
04/08/2019 04:31:45 PM Adding Pin (0)
04/08/2019 04:31:45 PM Adding Pin (1)
04/08/2019 04:31:45 PM Adding Pin (32)
04/08/2019 04:31:45 PM Pin configuration loaded.
04/08/2019 04:36:19 PM Adding Pin (0)
04/08/2019 04:36:19 PM Adding Pin (1)
04/08/2019 04:36:19 PM Adding Pin (32)
04/08/2019 04:36:19 PM Pin configuration loaded.
04/08/2019 04:36:46 PM Adding Pin (0)
04/08/2019 04:36:46 PM Adding Pin (1)
04/08/2019 04:36:46 PM Adding Pin (32)
04/08/2019 04:36:46 PM Pin configuration loaded.
04/08/2019 04:39:24 PM Adding Pin (0)
04/08/2019 04:39:24 PM Adding Pin (1)
04/08/2019 04:39:24 PM Adding Pin (32)
04/08/2019 04:39:24 PM Pin configuration loaded.
04/08/2019 04:46:41 PM Adding Pin (0)
04/08/2019 04:46:41 PM Adding Pin (1)
04/08/2019 04:46:41 PM Adding Pin (32)
04/08/2019 04:46:41 PM Pin configuration loaded.
04/08/2019 04:48:17 PM Adding Pin (0)
04/08/2019 04:48:17 PM Adding Pin (1)
04/08/2019 04:48:17 PM Adding Pin (32)
04/08/2019 04:48:17 PM Pin configuration loaded.
04/08/2019 05:05:29 PM Adding Pin (0)
04/08/2019 05:05:29 PM Adding Pin (1)
04/08/2019 05:05:29 PM Adding Pin (32)
04/08/2019 05:05:29 PM Pin configuration loaded.
04/08/2019 05:26:04 PM Adding Pin (0)
04/08/2019 05:26:04 PM Adding Pin (1)
04/08/2019 05:26:04 PM Adding Pin (32)
04/08/2019 05:26:04 PM Pin configuration loaded.
04/08/2019 06:05:10 PM Adding Pin (0)
04/08/2019 06:05:10 PM Adding Pin (1)
04/08/2019 06:05:10 PM Adding Pin (32)
04/08/2019 06:05:10 PM Pin configuration loaded.
04/08/2019 06:06:00 PM Adding Pin (0)
04/08/2019 06:06:00 PM Adding Pin (1)
04/08/2019 06:06:00 PM Adding Pin (32)
04/08/2019 06:06:00 PM Pin configuration loaded.
04/08/2019 06:06:50 PM Adding Pin (0)
04/08/2019 06:06:50 PM Adding Pin (1)
04/08/2019 06:06:50 PM Adding Pin (32)
04/08/2019 06:06:50 PM Pin configuration loaded.
04/08/2019 09:04:06 PM Adding Pin (0)
04/08/2019 09:04:06 PM Adding Pin (1)
04/08/2019 09:04:06 PM Adding Pin (32)
04/08/2019 09:04:06 PM Pin configuration loaded.
04/09/2019 05:07:01 PM Adding Pin (0)
04/09/2019 05:07:01 PM Adding Pin (1)
04/09/2019 05:07:01 PM Adding Pin (32)
04/09/2019 05:07:01 PM Pin configuration loaded.
04/10/2019 12:39:11 AM Adding Pin (0)
04/10/2019 12:39:11 AM Adding Pin (1)
04/10/2019 12:39:11 AM Adding Pin (32)
04/10/2019 12:39:11 AM Pin configuration loaded.
04/10/2019 12:40:21 AM Adding Pin (0)
04/10/2019 12:40:21 AM Adding Pin (1)
04/10/2019 12:40:21 AM Adding Pin (32)
04/10/2019 12:40:21 AM Pin configuration loaded.
04/10/2019 12:43:56 AM Adding Pin (0)
04/10/2019 12:43:56 AM Adding Pin (1)
04/10/2019 12:43:56 AM Adding Pin (32)
04/10/2019 12:43:56 AM Pin configuration loaded.
04/10/2019 12:46:28 AM Adding Pin (0)
04/10/2019 12:46:28 AM Adding Pin (1)
04/10/2019 12:46:28 AM Adding Pin (32)
04/10/2019 12:46:28 AM Pin configuration loaded.
04/10/2019 08:37:47 AM Adding Pin (0)
04/10/2019 08:37:47 AM Adding Pin (1)
04/10/2019 08:37:47 AM Adding Pin (32)
04/10/2019 08:37:47 AM Pin configuration loaded.
04/10/2019 08:38:38 AM Adding Pin (0)
04/10/2019 08:38:38 AM Adding Pin (1)
04/10/2019 08:38:38 AM Adding Pin (32)
04/10/2019 08:38:38 AM Pin configuration loaded.
04/10/2019 01:22:32 PM Adding Pin (0)
04/10/2019 01:22:33 PM Adding Pin (1)
04/10/2019 01:22:33 PM Adding Pin (32)
04/10/2019 01:22:33 PM Pin configuration loaded.
04/10/2019 01:37:33 PM Adding Pin (0)
04/10/2019 01:37:33 PM Adding Pin (1)
04/10/2019 01:37:33 PM Adding Pin (32)
04/10/2019 01:37:33 PM Pin configuration loaded.
04/10/2019 02:02:37 PM Adding Pin (0)
04/10/2019 02:02:37 PM Adding Pin (1)
04/10/2019 02:02:37 PM Adding Pin (32)
04/10/2019 02:02:37 PM Pin configuration loaded.
04/10/2019 04:06:15 PM Adding Pin (0)
04/10/2019 04:06:15 PM Adding Pin (1)
04/10/2019 04:06:15 PM Adding Pin (32)
04/10/2019 04:06:15 PM Pin configuration loaded.
04/11/2019 03:03:27 PM Adding Pin (0)
04/11/2019 03:03:27 PM Adding Pin (1)
04/11/2019 03:03:27 PM Adding Pin (32)
04/11/2019 03:03:27 PM Adding Pin (None)
04/11/2019 03:04:23 PM Adding Pin (0)
04/11/2019 03:04:23 PM Adding Pin (1)
04/11/2019 03:04:23 PM Adding Pin (32)
04/11/2019 03:04:23 PM Adding Pin (-1)
04/11/2019 03:07:20 PM Adding Pin (0)
04/11/2019 03:07:21 PM Adding Pin (1)
04/11/2019 03:07:21 PM Adding Pin (32)
04/11/2019 03:07:21 PM Adding Pin (0)
04/11/2019 03:07:21 PM Pin configuration loaded.
04/11/2019 03:08:58 PM Adding Pin (0)
04/11/2019 03:08:58 PM Adding Pin (1)
04/11/2019 03:08:58 PM Adding Pin (32)
04/11/2019 03:08:58 PM Adding Pin (0)
04/11/2019 03:08:58 PM Pin configuration loaded.
04/11/2019 03:13:57 PM Adding Pin (0)
04/11/2019 03:13:57 PM Adding Pin (1)
04/11/2019 03:13:57 PM Adding Pin (32)
04/11/2019 03:13:57 PM Adding Pin (0)
04/11/2019 03:13:57 PM Pin configuration loaded.
04/11/2019 03:14:34 PM Adding Pin (0)
04/11/2019 03:14:34 PM Adding Pin (1)
04/11/2019 03:14:34 PM Adding Pin (32)
04/11/2019 03:14:34 PM Adding Pin (0)
04/11/2019 03:14:34 PM Pin configuration loaded.
04/11/2019 03:17:42 PM Adding Pin (0)
04/11/2019 03:17:42 PM Adding Pin (1)
04/11/2019 03:17:42 PM Adding Pin (32)
04/11/2019 03:17:42 PM Adding Pin (0)
04/11/2019 03:17:42 PM Pin configuration loaded.
04/11/2019 03:19:43 PM Adding Pin (0)
04/11/2019 03:19:43 PM Adding Pin (1)
04/11/2019 03:19:43 PM Adding Pin (32)
04/11/2019 03:19:43 PM Adding Pin (0)
04/11/2019 03:19:43 PM Pin configuration loaded.
04/11/2019 03:19:47 PM Adding Pin (0)
04/11/2019 03:19:47 PM Adding Pin (1)
04/11/2019 03:19:47 PM Adding Pin (32)
04/11/2019 03:19:47 PM Adding Pin (0)
04/11/2019 03:19:47 PM Pin configuration loaded.
04/11/2019 03:21:11 PM Adding Pin (0)
04/11/2019 03:21:11 PM Adding Pin (1)
04/11/2019 03:21:11 PM Adding Pin (32)
04/11/2019 03:21:11 PM Adding Pin (0)
04/11/2019 03:21:11 PM Pin configuration loaded.
04/11/2019 03:28:08 PM Adding Pin (0)
04/11/2019 03:28:09 PM Adding Pin (1)
04/11/2019 03:28:09 PM Adding Pin (32)
04/11/2019 03:28:09 PM Adding Pin (0)
04/11/2019 03:28:09 PM Pin configuration loaded.
04/11/2019 03:30:27 PM Adding Pin (0)
04/11/2019 03:30:27 PM Adding Pin (1)
04/11/2019 03:30:27 PM Adding Pin (32)
04/11/2019 03:30:27 PM Adding Pin (0)
04/11/2019 03:30:28 PM Pin configuration loaded.
04/11/2019 03:31:17 PM Adding Pin (0)
04/11/2019 03:31:17 PM Adding Pin (1)
04/11/2019 03:31:17 PM Adding Pin (32)
04/11/2019 03:31:17 PM Adding Pin (0)
04/11/2019 03:31:17 PM Pin configuration loaded.
04/11/2019 03:32:30 PM Adding Pin (0)
04/11/2019 03:32:30 PM Adding Pin (1)
04/11/2019 03:32:30 PM Adding Pin (32)
04/11/2019 03:32:30 PM Adding Pin (0)
04/11/2019 03:32:30 PM Pin configuration loaded.
04/11/2019 03:34:35 PM Adding Pin (0)
04/11/2019 03:34:36 PM Adding Pin (1)
04/11/2019 03:34:36 PM Adding Pin (32)
04/11/2019 03:34:36 PM Adding Pin (0)
04/11/2019 03:34:36 PM Pin configuration loaded.
04/11/2019 03:41:11 PM Adding Pin (0)
04/11/2019 03:41:11 PM Adding Pin (1)
04/11/2019 03:41:11 PM Adding Pin (32)
04/11/2019 03:41:11 PM Adding Pin (0)
04/11/2019 03:41:11 PM Pin configuration loaded.
04/11/2019 03:55:49 PM Adding Pin (0)
04/11/2019 03:55:49 PM Adding Pin (1)
04/11/2019 03:55:49 PM Adding Pin (32)
04/11/2019 03:55:49 PM Adding Pin (0)
04/11/2019 03:55:49 PM Pin configuration loaded.
04/11/2019 03:56:50 PM Adding Pin (0)
04/11/2019 03:56:50 PM Adding Pin (1)
04/11/2019 03:56:50 PM Adding Pin (32)
04/11/2019 03:56:50 PM Adding Pin (0)
04/11/2019 03:56:50 PM Pin configuration loaded.
04/11/2019 03:56:55 PM Adding Pin (0)
04/11/2019 03:56:55 PM Adding Pin (1)
04/11/2019 03:56:55 PM Adding Pin (32)
04/11/2019 03:56:55 PM Adding Pin (0)
04/11/2019 03:56:55 PM Pin configuration loaded.
04/11/2019 03:57:03 PM Adding Pin (0)
04/11/2019 03:57:03 PM Adding Pin (1)
04/11/2019 03:57:03 PM Adding Pin (32)
04/11/2019 03:57:03 PM Adding Pin (0)
04/11/2019 03:57:03 PM Pin configuration loaded.
04/11/2019 03:58:04 PM Adding Pin (0)
04/11/2019 03:58:04 PM Adding Pin (1)
04/11/2019 03:58:04 PM Adding Pin (32)
04/11/2019 03:58:04 PM Adding Pin (0)
04/11/2019 03:58:04 PM Pin configuration loaded.
04/11/2019 03:59:46 PM Adding Pin (0)
04/11/2019 03:59:46 PM Adding Pin (1)
04/11/2019 03:59:46 PM Adding Pin (32)
04/11/2019 03:59:46 PM Adding Pin (0)
04/11/2019 03:59:46 PM Pin configuration loaded.
04/11/2019 03:59:51 PM Adding Pin (0)
04/11/2019 03:59:51 PM Adding Pin (1)
04/11/2019 03:59:51 PM Adding Pin (32)
04/11/2019 03:59:51 PM Adding Pin (0)
04/11/2019 03:59:51 PM Pin configuration loaded.
04/11/2019 04:01:24 PM Adding Pin (0)
04/11/2019 04:01:24 PM Adding Pin (1)
04/11/2019 04:01:24 PM Adding Pin (32)
04/11/2019 04:01:24 PM Adding Pin (0)
04/11/2019 04:01:24 PM Pin configuration loaded.
04/11/2019 04:05:03 PM Adding Pin (0)
04/11/2019 04:05:50 PM Adding Pin (0)
04/11/2019 04:05:50 PM Adding Pin (1)
04/11/2019 04:05:50 PM Adding Pin (32)
04/11/2019 04:05:50 PM Adding Pin (0)
04/11/2019 04:05:50 PM Pin configuration loaded.
04/11/2019 04:08:00 PM Adding Pin (0)
04/11/2019 04:08:00 PM Adding Pin (1)
04/11/2019 04:08:00 PM Adding Pin (32)
04/11/2019 04:08:00 PM Adding Pin (0)
04/11/2019 04:08:00 PM Pin configuration loaded.
04/11/2019 04:19:01 PM Adding Pin (0)
04/11/2019 04:19:01 PM Adding Pin (1)
04/11/2019 04:19:01 PM Adding Pin (32)
04/11/2019 04:19:01 PM Adding Pin (0)
04/11/2019 04:19:01 PM Pin configuration loaded.
04/11/2019 04:19:09 PM Adding Pin (0)
04/11/2019 04:19:09 PM Adding Pin (1)
04/11/2019 04:19:09 PM Adding Pin (32)
04/11/2019 04:19:09 PM Adding Pin (0)
04/11/2019 04:19:09 PM Pin configuration loaded.
04/11/2019 04:19:12 PM Adding Pin (0)
04/11/2019 04:19:12 PM Adding Pin (1)
04/11/2019 04:19:12 PM Adding Pin (32)
04/11/2019 04:19:12 PM Adding Pin (0)
04/11/2019 04:19:12 PM Pin configuration loaded.
04/11/2019 04:27:35 PM Adding Pin (0)
04/11/2019 04:27:35 PM Adding Pin (1)
04/11/2019 04:27:35 PM Adding Pin (32)
04/11/2019 04:27:35 PM Adding Pin (0)
04/11/2019 04:27:35 PM Pin configuration loaded.
04/11/2019 04:31:40 PM Adding Pin (0)
04/11/2019 04:31:40 PM Adding Pin (1)
04/11/2019 04:31:40 PM Adding Pin (32)
04/11/2019 04:31:40 PM Adding Pin (0)
04/11/2019 04:31:40 PM Pin configuration loaded.
04/11/2019 04:31:50 PM Adding Pin (0)
04/11/2019 04:31:50 PM Adding Pin (1)
04/11/2019 04:31:50 PM Adding Pin (32)
04/11/2019 04:31:50 PM Adding Pin (0)
04/11/2019 04:31:50 PM Pin configuration loaded.
04/11/2019 04:31:55 PM Adding Pin (0)
04/11/2019 04:31:55 PM Adding Pin (1)
04/11/2019 04:31:55 PM Adding Pin (32)
04/11/2019 04:31:55 PM Adding Pin (0)
04/11/2019 04:31:56 PM Pin configuration loaded.
04/11/2019 04:34:45 PM Adding Pin (0)
04/11/2019 04:34:45 PM Adding Pin (1)
04/11/2019 04:34:45 PM Adding Pin (32)
04/11/2019 04:34:45 PM Adding Pin (0)
04/11/2019 04:34:45 PM Pin configuration loaded.
04/11/2019 04:34:47 PM Adding Pin (0)
04/11/2019 04:34:47 PM Adding Pin (1)
04/11/2019 04:34:47 PM Adding Pin (32)
04/11/2019 04:34:47 PM Adding Pin (0)
04/11/2019 04:34:47 PM Pin configuration loaded.
04/11/2019 04:34:48 PM Adding Pin (0)
04/11/2019 04:34:48 PM Adding Pin (1)
04/11/2019 04:34:48 PM Adding Pin (32)
04/11/2019 04:34:48 PM Adding Pin (0)
04/11/2019 04:34:48 PM Pin configuration loaded.
04/11/2019 04:34:52 PM Adding Pin (0)
04/11/2019 04:34:52 PM Adding Pin (1)
04/11/2019 04:34:52 PM Adding Pin (32)
04/11/2019 04:34:52 PM Adding Pin (0)
04/11/2019 04:34:52 PM Pin configuration loaded.
04/11/2019 04:37:39 PM Adding Pin (0)
04/11/2019 04:37:39 PM Adding Pin (1)
04/11/2019 04:37:39 PM Adding Pin (32)
04/11/2019 04:37:39 PM Adding Pin (0)
04/11/2019 04:37:39 PM Pin configuration loaded.
